<?xml version="1.0" encoding="UTF-8"?>
<!-- Generated by org.testng.reporters.JUnitReportReporter -->
<testsuite skipped="0" hostname="IN5CG5130D5Q" name="script.ValidLogin" tests="4" failures="0" timestamp="19 Oct 2018 18:04:16 GMT" time="132.054" errors="0">
  <testcase name="testValidLogin" time="25.626" classname="script.ValidLogin"/>
  <testcase name="testValidLogin" time="27.864" classname="script.ValidLogin"/>
  <testcase name="testValidLogin" time="50.842" classname="script.ValidLogin"/>
  <testcase name="testValidLogin" time="27.722" classname="script.ValidLogin"/>
</testsuite> <!-- script.ValidLogin -->
